<?xml version="1.0" encoding="UTF-8"?>
<testng-results skipped="0" failed="0" total="1" passed="1">
  <reporter-output>
  </reporter-output>
  <suite name="Default suite" duration-ms="37354" started-at="2018-03-22T20:54:02Z" finished-at="2018-03-22T20:54:39Z">
    <groups>
    </groups>
    <test name="Default test" duration-ms="37354" started-at="2018-03-22T20:54:02Z" finished-at="2018-03-22T20:54:39Z">
      <class name="learnJenkins.RediffSearch">
        <test-method status="PASS" signature="loginTest()[pri:0, instance:learnJenkins.RediffSearch@3cb5cdba]" name="loginTest" duration-ms="37307" started-at="2018-03-22T13:54:02Z" finished-at="2018-03-22T13:54:39Z">
          <reporter-output>
          </reporter-output>
        </test-method> <!-- loginTest -->
      </class> <!-- learnJenkins.RediffSearch -->
    </test> <!-- Default test -->
  </suite> <!-- Default suite -->
</testng-results>
